{"op_code": 0, "worker_id": "6736b163-e1c3-46e9-bfea-ba4b22efc55b-9544", "study_name": "RAW_1_hyperparameter_study", "directions": [1]}
{"op_code": 4, "worker_id": "6736b163-e1c3-46e9-bfea-ba4b22efc55b-9544", "study_id": 0, "datetime_start": "2024-06-04T19:08:49.967673"}
{"op_code": 5, "worker_id": "6736b163-e1c3-46e9-bfea-ba4b22efc55b-9544", "trial_id": 0, "param_name": "delta_min", "param_value_internal": 0, "distribution": "{\"name\": \"CategoricalDistribution\", \"attributes\": {\"choices\": [\"0\", \"0.1\"]}}"}
{"op_code": 5, "worker_id": "6736b163-e1c3-46e9-bfea-ba4b22efc55b-9544", "trial_id": 0, "param_name": "batch_size", "param_value_internal": 10.0, "distribution": "{\"name\": \"IntDistribution\", \"attributes\": {\"log\": false, \"step\": 10, \"low\": 10, \"high\": 50}}"}
{"op_code": 5, "worker_id": "6736b163-e1c3-46e9-bfea-ba4b22efc55b-9544", "trial_id": 0, "param_name": "split_size", "param_value_internal": 0.75, "distribution": "{\"name\": \"FloatDistribution\", \"attributes\": {\"step\": 0.05, \"low\": 0.7, \"high\": 0.8, \"log\": false}}"}
{"op_code": 5, "worker_id": "6736b163-e1c3-46e9-bfea-ba4b22efc55b-9544", "trial_id": 0, "param_name": "max_loss_reset", "param_value_internal": 3.0, "distribution": "{\"name\": \"IntDistribution\", \"attributes\": {\"log\": false, \"step\": 2, \"low\": 1, \"high\": 9}}"}
{"op_code": 5, "worker_id": "6736b163-e1c3-46e9-bfea-ba4b22efc55b-9544", "trial_id": 0, "param_name": "learning_rate", "param_value_internal": 2.9022073667213318e-05, "distribution": "{\"name\": \"FloatDistribution\", \"attributes\": {\"step\": null, \"low\": 1e-05, \"high\": 0.001, \"log\": true}}"}
{"op_code": 5, "worker_id": "6736b163-e1c3-46e9-bfea-ba4b22efc55b-9544", "trial_id": 0, "param_name": "weight_decay", "param_value_internal": 0.03393779604655188, "distribution": "{\"name\": \"FloatDistribution\", \"attributes\": {\"step\": null, \"low\": 0.01, \"high\": 0.1, \"log\": true}}"}
{"op_code": 5, "worker_id": "6736b163-e1c3-46e9-bfea-ba4b22efc55b-9544", "trial_id": 0, "param_name": "first_conv_outchann", "param_value_internal": 10.0, "distribution": "{\"name\": \"IntDistribution\", \"attributes\": {\"log\": false, \"step\": 2, \"low\": 6, \"high\": 12}}"}
{"op_code": 5, "worker_id": "6736b163-e1c3-46e9-bfea-ba4b22efc55b-9544", "trial_id": 0, "param_name": "second_conv_outchann", "param_value_internal": 16.0, "distribution": "{\"name\": \"IntDistribution\", \"attributes\": {\"log\": false, \"step\": 4, \"low\": 16, \"high\": 24}}"}
{"op_code": 5, "worker_id": "6736b163-e1c3-46e9-bfea-ba4b22efc55b-9544", "trial_id": 0, "param_name": "fclayer1", "param_value_internal": 150.0, "distribution": "{\"name\": \"IntDistribution\", \"attributes\": {\"log\": false, \"step\": 30, \"low\": 120, \"high\": 210}}"}
{"op_code": 5, "worker_id": "6736b163-e1c3-46e9-bfea-ba4b22efc55b-9544", "trial_id": 0, "param_name": "fclayer2", "param_value_internal": 30.0, "distribution": "{\"name\": \"IntDistribution\", \"attributes\": {\"log\": false, \"step\": 30, \"low\": 0, \"high\": 150}}"}
{"op_code": 6, "worker_id": "6736b163-e1c3-46e9-bfea-ba4b22efc55b-9544", "trial_id": 0, "state": 1, "values": [0.010820309864357114], "datetime_complete": "2024-06-04T19:09:32.482905"}
{"op_code": 4, "worker_id": "6736b163-e1c3-46e9-bfea-ba4b22efc55b-9544", "study_id": 0, "datetime_start": "2024-06-04T19:09:32.505147"}
{"op_code": 5, "worker_id": "6736b163-e1c3-46e9-bfea-ba4b22efc55b-9544", "trial_id": 1, "param_name": "delta_min", "param_value_internal": 0, "distribution": "{\"name\": \"CategoricalDistribution\", \"attributes\": {\"choices\": [\"0\", \"0.1\"]}}"}
{"op_code": 5, "worker_id": "6736b163-e1c3-46e9-bfea-ba4b22efc55b-9544", "trial_id": 1, "param_name": "batch_size", "param_value_internal": 30.0, "distribution": "{\"name\": \"IntDistribution\", \"attributes\": {\"log\": false, \"step\": 10, \"low\": 10, \"high\": 50}}"}
{"op_code": 5, "worker_id": "6736b163-e1c3-46e9-bfea-ba4b22efc55b-9544", "trial_id": 1, "param_name": "split_size", "param_value_internal": 0.75, "distribution": "{\"name\": \"FloatDistribution\", \"attributes\": {\"step\": 0.05, \"low\": 0.7, \"high\": 0.8, \"log\": false}}"}
{"op_code": 5, "worker_id": "6736b163-e1c3-46e9-bfea-ba4b22efc55b-9544", "trial_id": 1, "param_name": "max_loss_reset", "param_value_internal": 9.0, "distribution": "{\"name\": \"IntDistribution\", \"attributes\": {\"log\": false, \"step\": 2, \"low\": 1, \"high\": 9}}"}
{"op_code": 5, "worker_id": "6736b163-e1c3-46e9-bfea-ba4b22efc55b-9544", "trial_id": 1, "param_name": "learning_rate", "param_value_internal": 0.00030004508702367183, "distribution": "{\"name\": \"FloatDistribution\", \"attributes\": {\"step\": null, \"low\": 1e-05, \"high\": 0.001, \"log\": true}}"}
{"op_code": 5, "worker_id": "6736b163-e1c3-46e9-bfea-ba4b22efc55b-9544", "trial_id": 1, "param_name": "weight_decay", "param_value_internal": 0.019252948427428418, "distribution": "{\"name\": \"FloatDistribution\", \"attributes\": {\"step\": null, \"low\": 0.01, \"high\": 0.1, \"log\": true}}"}
{"op_code": 5, "worker_id": "6736b163-e1c3-46e9-bfea-ba4b22efc55b-9544", "trial_id": 1, "param_name": "first_conv_outchann", "param_value_internal": 6.0, "distribution": "{\"name\": \"IntDistribution\", \"attributes\": {\"log\": false, \"step\": 2, \"low\": 6, \"high\": 12}}"}
{"op_code": 5, "worker_id": "6736b163-e1c3-46e9-bfea-ba4b22efc55b-9544", "trial_id": 1, "param_name": "second_conv_outchann", "param_value_internal": 24.0, "distribution": "{\"name\": \"IntDistribution\", \"attributes\": {\"log\": false, \"step\": 4, \"low\": 16, \"high\": 24}}"}
{"op_code": 5, "worker_id": "6736b163-e1c3-46e9-bfea-ba4b22efc55b-9544", "trial_id": 1, "param_name": "fclayer1", "param_value_internal": 210.0, "distribution": "{\"name\": \"IntDistribution\", \"attributes\": {\"log\": false, \"step\": 30, \"low\": 120, \"high\": 210}}"}
{"op_code": 5, "worker_id": "6736b163-e1c3-46e9-bfea-ba4b22efc55b-9544", "trial_id": 1, "param_name": "fclayer2", "param_value_internal": 30.0, "distribution": "{\"name\": \"IntDistribution\", \"attributes\": {\"log\": false, \"step\": 30, \"low\": 0, \"high\": 150}}"}
{"op_code": 6, "worker_id": "6736b163-e1c3-46e9-bfea-ba4b22efc55b-9544", "trial_id": 1, "state": 1, "values": [0.07206092228492102], "datetime_complete": "2024-06-04T19:09:53.562064"}
